[0m23:10:32.606447 [debug] [MainThread]: Sending event: {'category': 'dbt', 'action': 'invocation', 'label': 'start', 'context': [<snowplow_tracker.self_describing_json.SelfDescribingJson object at 0x000001EE1E61CD00>, <snowplow_tracker.self_describing_json.SelfDescribingJson object at 0x000001EE2125B550>, <snowplow_tracker.self_describing_json.SelfDescribingJson object at 0x000001EE2125B790>]}


============================== 23:10:32.610446 | 35bfc333-6b5d-4800-9b27-73e6ab48b662 ==============================
[0m23:10:32.610446 [info ] [MainThread]: Running with dbt=1.7.8
[0m23:10:32.611446 [debug] [MainThread]: running dbt with arguments {'printer_width': '80', 'indirect_selection': 'eager', 'log_cache_events': 'False', 'write_json': 'True', 'partial_parse': 'True', 'cache_selected_only': 'False', 'profiles_dir': 'D:\\learning\\analytical_engineering_zoomcamp', 'debug': 'False', 'warn_error': 'None', 'log_path': 'logs', 'fail_fast': 'False', 'version_check': 'True', 'use_colors': 'True', 'use_experimental_parser': 'False', 'no_print': 'None', 'quiet': 'False', 'warn_error_options': 'WarnErrorOptions(include=[], exclude=[])', 'invocation_command': 'dbt init', 'static_parser': 'True', 'log_format': 'default', 'target_path': 'None', 'introspect': 'True', 'send_anonymous_usage_stats': 'True'}
[0m23:10:40.937718 [debug] [MainThread]: Starter project path: C:\Users\Daniel\AppData\Local\Programs\Python\Python310\lib\site-packages\dbt\include\starter_project
[0m23:10:40.952923 [info ] [MainThread]: 
Your new dbt project "taxi_rides_ny" was created!

For more information on how to configure the profiles.yml file,
please consult the dbt documentation here:

  https://docs.getdbt.com/docs/configure-your-profile

One more thing:

Need help? Don't hesitate to reach out to us via GitHub issues or on Slack:

  https://community.getdbt.com/

Happy modeling!

[0m23:10:40.953925 [info ] [MainThread]: Setting up your profile.
[0m23:10:40.956925 [error] [MainThread]: Encountered an error:
Runtime Error
  No adapters available. Learn how to install an adapter by going to https://docs.getdbt.com/docs/connect-adapters#install-using-the-cli
[0m23:10:40.959054 [debug] [MainThread]: Command `dbt init` failed at 23:10:40.959054 after 8.43 seconds
[0m23:10:40.960063 [debug] [MainThread]: Sending event: {'category': 'dbt', 'action': 'invocation', 'label': 'end', 'context': [<snowplow_tracker.self_describing_json.SelfDescribingJson object at 0x000001EE1E61CD00>, <snowplow_tracker.self_describing_json.SelfDescribingJson object at 0x000001EE212CAD40>, <snowplow_tracker.self_describing_json.SelfDescribingJson object at 0x000001EE212CAD10>]}
[0m23:10:40.960063 [debug] [MainThread]: Flushing usage events
